2023-11-21 09:48:39,959 WARN org.springframework.web.servlet.handler.AbstractHandlerExceptionResolver [http-nio-8080-exec-4] Resolved [org.springframework.http.converter.HttpMessageNotReadableException: JSON parse error: Cannot deserialize value of type `java.lang.Integer` from Array value (token `JsonToken.START_ARRAY`)]
2023-11-21 09:50:30,747 WARN org.springframework.web.servlet.handler.AbstractHandlerExceptionResolver [http-nio-8080-exec-6] Resolved [org.springframework.http.converter.HttpMessageNotReadableException: JSON parse error: Cannot deserialize value of type `java.lang.Integer` from Array value (token `JsonToken.START_ARRAY`)]
2023-11-21 12:03:17,208 WARN org.springframework.web.servlet.handler.AbstractHandlerExceptionResolver [http-nio-8080-exec-7] Resolved [org.springframework.http.converter.HttpMessageNotReadableException: JSON parse error: Cannot deserialize value of type `java.lang.Integer` from Array value (token `JsonToken.START_ARRAY`)]
2023-11-21 12:06:01,439 WARN org.springframework.web.servlet.handler.AbstractHandlerExceptionResolver [http-nio-8080-exec-8] Resolved [org.springframework.http.converter.HttpMessageNotReadableException: JSON parse error: Cannot deserialize value of type `java.lang.Integer` from Array value (token `JsonToken.START_ARRAY`)]
2023-11-21 12:28:35,316 WARN org.springframework.web.servlet.handler.AbstractHandlerExceptionResolver [http-nio-8080-exec-9] Resolved [org.springframework.http.converter.HttpMessageNotReadableException: JSON parse error: Cannot deserialize value of type `java.lang.Integer` from Object value (token `JsonToken.START_OBJECT`)]
2023-11-21 12:29:07,213 WARN org.springframework.web.servlet.handler.AbstractHandlerExceptionResolver [http-nio-8080-exec-10] Resolved [org.springframework.http.converter.HttpMessageNotReadableException: JSON parse error: Cannot deserialize value of type `java.lang.Integer` from Object value (token `JsonToken.START_OBJECT`)]
2023-11-21 12:41:22,941 WARN org.springframework.web.servlet.handler.AbstractHandlerExceptionResolver [http-nio-8080-exec-7] Resolved [org.springframework.http.converter.HttpMessageNotReadableException: JSON parse error: Cannot deserialize value of type `java.lang.Integer` from String "李志豪": not a valid `java.lang.Integer` value]
2023-11-21 12:41:52,701 WARN org.springframework.web.servlet.handler.AbstractHandlerExceptionResolver [http-nio-8080-exec-8] Resolved [org.springframework.http.converter.HttpMessageNotReadableException: JSON parse error: Cannot deserialize value of type `java.lang.Integer` from String "李志豪": not a valid `java.lang.Integer` value]
2023-11-21 12:42:17,612 WARN org.springframework.web.servlet.handler.AbstractHandlerExceptionResolver [http-nio-8080-exec-9] Resolved [org.springframework.http.converter.HttpMessageNotReadableException: JSON parse error: Cannot deserialize value of type `java.lang.Integer` from String "李志豪": not a valid `java.lang.Integer` value]
2023-11-21 12:43:12,506 WARN org.springframework.web.servlet.handler.AbstractHandlerExceptionResolver [http-nio-8080-exec-1] Resolved [org.springframework.http.converter.HttpMessageNotReadableException: JSON parse error: Cannot deserialize value of type `java.lang.Integer` from String "李志豪": not a valid `java.lang.Integer` value]
2023-11-21 12:43:23,026 WARN org.springframework.web.servlet.handler.AbstractHandlerExceptionResolver [http-nio-8080-exec-2] Resolved [org.springframework.web.method.annotation.MethodArgumentTypeMismatchException: Failed to convert value of type 'java.lang.String' to required type 'java.lang.Integer'; For input string: "querySginUsers"]
2023-11-21 12:43:37,552 WARN org.springframework.web.servlet.handler.AbstractHandlerExceptionResolver [http-nio-8080-exec-3] Resolved [org.springframework.http.converter.HttpMessageNotReadableException: JSON parse error: Cannot deserialize value of type `java.lang.Integer` from String "开发部": not a valid `java.lang.Integer` value]
2023-11-21 12:44:08,490 WARN org.springframework.web.servlet.handler.AbstractHandlerExceptionResolver [http-nio-8080-exec-5] Resolved [org.springframework.http.converter.HttpMessageNotReadableException: JSON parse error: Cannot deserialize value of type `java.lang.Integer` from String "开发部": not a valid `java.lang.Integer` value]
2023-11-21 12:44:14,104 WARN org.springframework.web.servlet.handler.AbstractHandlerExceptionResolver [http-nio-8080-exec-4] Resolved [org.springframework.http.converter.HttpMessageNotReadableException: JSON parse error: Cannot deserialize value of type `java.lang.Integer` from String "开发部": not a valid `java.lang.Integer` value]
2023-11-21 12:47:30,486 WARN org.springframework.web.servlet.handler.AbstractHandlerExceptionResolver [http-nio-8080-exec-9] Resolved [org.springframework.http.converter.HttpMessageNotReadableException: JSON parse error: Cannot deserialize value of type `java.lang.Integer` from String "设计部": not a valid `java.lang.Integer` value]
2023-11-21 12:48:39,014 WARN org.springframework.web.servlet.handler.AbstractHandlerExceptionResolver [http-nio-8080-exec-10] Resolved [org.springframework.http.converter.HttpMessageNotReadableException: JSON parse error: Cannot deserialize value of type `java.lang.Integer` from String "设计部": not a valid `java.lang.Integer` value]
2023-11-21 12:53:14,917 WARN org.springframework.web.servlet.handler.AbstractHandlerExceptionResolver [http-nio-8080-exec-1] Resolved [org.springframework.http.converter.HttpMessageNotReadableException: JSON parse error: Cannot deserialize value of type `java.lang.Integer` from Array value (token `JsonToken.START_ARRAY`)]
2023-11-21 12:57:47,925 WARN org.springframework.web.servlet.handler.AbstractHandlerExceptionResolver [http-nio-8080-exec-4] Resolved [org.springframework.http.converter.HttpMessageNotReadableException: JSON parse error: Cannot deserialize value of type `java.lang.Integer` from String "李志豪": not a valid `java.lang.Integer` value]
2023-11-21 12:59:33,265 WARN org.springframework.web.servlet.handler.AbstractHandlerExceptionResolver [http-nio-8080-exec-7] Resolved [org.springframework.http.converter.HttpMessageNotReadableException: JSON parse error: Cannot deserialize value of type `java.lang.Integer` from String "李志豪": not a valid `java.lang.Integer` value]
2023-11-21 13:00:58,456 INFO com.alibaba.druid.pool.DruidDataSource [SpringApplicationShutdownHook] {dataSource-1} closing ...
2023-11-21 13:00:58,515 INFO com.alibaba.druid.pool.DruidDataSource [SpringApplicationShutdownHook] {dataSource-1} closed
2023-11-21 13:01:05,715 DEBUG sun.rmi.runtime.Log$LoggerLog [RMI TCP Connection(1)-10.200.4.222] RMI TCP Connection(1)-10.200.4.222: name = "[B", codebase = "", defaultLoader = jdk.internal.loader.ClassLoaders$PlatformClassLoader@8c3b9d
2023-11-21 13:01:05,729 DEBUG sun.rmi.runtime.Log$LoggerLog [RMI TCP Connection(1)-10.200.4.222] RMI TCP Connection(1)-10.200.4.222: (port 63157) op = 84
2023-11-21 13:01:05,729 DEBUG sun.rmi.runtime.Log$LoggerLog [RMI TCP Connection(1)-10.200.4.222] RMI TCP Connection(1)-10.200.4.222: (port 63157) op = 80
2023-11-21 13:01:05,730 DEBUG sun.rmi.runtime.Log$LoggerLog [RMI TCP Connection(1)-10.200.4.222] RMI TCP Connection(1)-10.200.4.222: (port 63157) op = 80
2023-11-21 13:01:05,730 DEBUG sun.rmi.runtime.Log$LoggerLog [RMI TCP Connection(1)-10.200.4.222] RMI TCP Connection(1)-10.200.4.222: name = "javax.management.ObjectName", codebase = ""
2023-11-21 13:01:05,731 DEBUG sun.util.logging.internal.LoggingProviderImpl$JULWrapper [RMI TCP Connection(1)-10.200.4.222] connectionId=rmi://10.200.4.222  2, name=org.springframework.boot:type=Admin,name=SpringApplication, attribute=Ready
2023-11-21 13:01:05,732 DEBUG sun.rmi.runtime.Log$LoggerLog [RMI TCP Connection(1)-10.200.4.222] RMI TCP Connection(1)-10.200.4.222: [10.200.4.222] exception: 
javax.management.InstanceNotFoundException: org.springframework.boot:type=Admin,name=SpringApplication
	at com.sun.jmx.interceptor.DefaultMBeanServerInterceptor.getMBean(DefaultMBeanServerInterceptor.java:1088) ~[?:?]
	at com.sun.jmx.interceptor.DefaultMBeanServerInterceptor.getAttribute(DefaultMBeanServerInterceptor.java:640) ~[?:?]
	at com.sun.jmx.mbeanserver.JmxMBeanServer.getAttribute(JmxMBeanServer.java:679) ~[?:?]
	at javax.management.remote.rmi.RMIConnectionImpl.doOperation(RMIConnectionImpl.java:1449) ~[?:?]
	at javax.management.remote.rmi.RMIConnectionImpl$PrivilegedOperation.run(RMIConnectionImpl.java:1310) ~[?:?]
	at javax.management.remote.rmi.RMIConnectionImpl.doPrivilegedOperation(RMIConnectionImpl.java:1405) ~[?:?]
	at javax.management.remote.rmi.RMIConnectionImpl.getAttribute(RMIConnectionImpl.java:639) ~[?:?]
	at jdk.internal.reflect.NativeMethodAccessorImpl.invoke0(Native Method) ~[?:?]
	at jdk.internal.reflect.NativeMethodAccessorImpl.invoke(NativeMethodAccessorImpl.java:77) ~[?:?]
	at jdk.internal.reflect.DelegatingMethodAccessorImpl.invoke(DelegatingMethodAccessorImpl.java:43) ~[?:?]
	at java.lang.reflect.Method.invoke(Method.java:568) ~[?:?]
	at sun.rmi.server.UnicastServerRef.dispatch(UnicastServerRef.java:360) ~[?:?]
	at sun.rmi.transport.Transport$1.run(Transport.java:200) ~[?:?]
	at sun.rmi.transport.Transport$1.run(Transport.java:197) ~[?:?]
	at java.security.AccessController.doPrivileged(AccessController.java:712) ~[?:?]
	at sun.rmi.transport.Transport.serviceCall(Transport.java:196) ~[?:?]
	at sun.rmi.transport.tcp.TCPTransport.handleMessages(TCPTransport.java:587) ~[?:?]
	at sun.rmi.transport.tcp.TCPTransport$ConnectionHandler.run0(TCPTransport.java:828) ~[?:?]
	at sun.rmi.transport.tcp.TCPTransport$ConnectionHandler.lambda$run$0(TCPTransport.java:705) ~[?:?]
	at java.security.AccessController.doPrivileged(AccessController.java:399) ~[?:?]
	at sun.rmi.transport.tcp.TCPTransport$ConnectionHandler.run(TCPTransport.java:704) ~[?:?]
	at java.util.concurrent.ThreadPoolExecutor.runWorker(ThreadPoolExecutor.java:1136) ~[?:?]
	at java.util.concurrent.ThreadPoolExecutor$Worker.run(ThreadPoolExecutor.java:635) ~[?:?]
	at java.lang.Thread.run(Thread.java:833) ~[?:?]
2023-11-21 13:01:05,739 DEBUG sun.rmi.runtime.Log$LoggerLog [RMI TCP Connection(1)-10.200.4.222] RMI TCP Connection(1)-10.200.4.222: (port 63157) op = 80
2023-11-21 13:01:05,740 DEBUG sun.util.logging.internal.LoggingProviderImpl$JULWrapper [RMI TCP Connection(1)-10.200.4.222] [javax.management.remote.rmi.RMIConnectionImpl@110e06a5: connectionId=rmi://10.200.4.222  2] closing.
2023-11-21 13:01:05,740 DEBUG sun.util.logging.internal.LoggingProviderImpl$JULWrapper [RMI TCP Connection(1)-10.200.4.222] [javax.management.remote.rmi.RMIConnectionImpl@110e06a5: connectionId=rmi://10.200.4.222  2] closed.
2023-11-21 13:01:05,823 INFO org.springframework.boot.StartupInfoLogger [main] Starting Main using Java 17.0.8 with PID 29304 (E:\BaiduSyncdisk\系统\Sign-in-1.0.3\Sign-in\Sign-In-dev\target\classes started by Administrator in E:\BaiduSyncdisk\系统\Sign-in-1.0.3)
2023-11-21 13:01:05,825 INFO org.springframework.boot.SpringApplication [main] No active profile set, falling back to 1 default profile: "default"
2023-11-21 13:01:07,310 INFO org.springframework.boot.web.embedded.tomcat.TomcatWebServer [main] Tomcat initialized with port(s): 8080 (http)
2023-11-21 13:01:07,318 INFO org.apache.juli.logging.DirectJDKLog [main] Initializing ProtocolHandler ["http-nio-8080"]
2023-11-21 13:01:07,319 INFO org.apache.juli.logging.DirectJDKLog [main] Starting service [Tomcat]
2023-11-21 13:01:07,319 INFO org.apache.juli.logging.DirectJDKLog [main] Starting Servlet engine: [Apache Tomcat/10.1.7]
2023-11-21 13:01:07,410 INFO org.apache.juli.logging.DirectJDKLog [main] Initializing Spring embedded WebApplicationContext
2023-11-21 13:01:07,410 INFO org.springframework.boot.web.servlet.context.ServletWebServerApplicationContext [main] Root WebApplicationContext: initialization completed in 1553 ms
2023-11-21 13:01:07,607 INFO com.alibaba.druid.spring.boot3.autoconfigure.DruidDataSourceAutoConfigure [main] Init DruidDataSource
2023-11-21 13:01:08,003 INFO com.alibaba.druid.pool.DruidDataSource [main] {dataSource-1} inited
2023-11-21 13:01:09,128 INFO org.apache.juli.logging.DirectJDKLog [main] Starting ProtocolHandler ["http-nio-8080"]
2023-11-21 13:01:09,147 INFO org.springframework.boot.web.embedded.tomcat.TomcatWebServer [main] Tomcat started on port(s): 8080 (http) with context path ''
2023-11-21 13:01:09,153 INFO org.springframework.boot.StartupInfoLogger [main] Started Main in 3.706 seconds (process running for 5.063)
2023-11-21 13:01:09,155 INFO com.jszx.Main [main] server started
2023-11-21 13:01:12,782 INFO org.apache.juli.logging.DirectJDKLog [http-nio-8080-exec-1] Initializing Spring DispatcherServlet 'dispatcherServlet'
2023-11-21 13:01:12,783 INFO org.springframework.web.servlet.FrameworkServlet [http-nio-8080-exec-1] Initializing Servlet 'dispatcherServlet'
2023-11-21 13:01:12,783 INFO org.springframework.web.servlet.FrameworkServlet [http-nio-8080-exec-1] Completed initialization in 0 ms
2023-11-21 13:01:12,924 ERROR org.apache.juli.logging.DirectJDKLog [http-nio-8080-exec-2] Servlet.service() for servlet [dispatcherServlet] in context with path [] threw exception [Request processing failed: org.mybatis.spring.MyBatisSystemException] with root cause
org.apache.ibatis.ognl.NoSuchPropertyException: com.jszx.pojo.vo.RecoderVo.user
2023-11-21 13:02:09,154 ERROR org.apache.juli.logging.DirectJDKLog [http-nio-8080-exec-3] Servlet.service() for servlet [dispatcherServlet] in context with path [] threw exception [Request processing failed: org.mybatis.spring.MyBatisSystemException] with root cause
org.apache.ibatis.ognl.NoSuchPropertyException: com.jszx.pojo.vo.RecoderVo.user
2023-11-21 13:02:58,815 ERROR org.apache.juli.logging.DirectJDKLog [http-nio-8080-exec-4] Servlet.service() for servlet [dispatcherServlet] in context with path [] threw exception [Request processing failed: org.mybatis.spring.MyBatisSystemException] with root cause
org.apache.ibatis.ognl.NoSuchPropertyException: com.jszx.pojo.vo.RecoderVo.user
2023-11-21 13:03:20,171 ERROR org.apache.juli.logging.DirectJDKLog [http-nio-8080-exec-5] Servlet.service() for servlet [dispatcherServlet] in context with path [] threw exception [Request processing failed: org.mybatis.spring.MyBatisSystemException] with root cause
org.apache.ibatis.ognl.NoSuchPropertyException: com.jszx.pojo.vo.RecoderVo.user
2023-11-21 13:05:14,691 INFO com.alibaba.druid.pool.DruidDataSource [SpringApplicationShutdownHook] {dataSource-1} closing ...
2023-11-21 13:05:14,695 INFO com.alibaba.druid.pool.DruidDataSource [SpringApplicationShutdownHook] {dataSource-1} closed
2023-11-21 13:05:20,008 INFO org.springframework.boot.StartupInfoLogger [main] Starting Main using Java 17.0.8 with PID 3608 (E:\BaiduSyncdisk\系统\Sign-in-1.0.3\Sign-in\Sign-In-dev\target\classes started by Administrator in E:\BaiduSyncdisk\系统\Sign-in-1.0.3)
2023-11-21 13:05:20,016 INFO org.springframework.boot.SpringApplication [main] No active profile set, falling back to 1 default profile: "default"
2023-11-21 13:05:21,627 INFO org.springframework.boot.StartupInfoLogger [main] Starting Main using Java 17.0.8 with PID 26452 (E:\BaiduSyncdisk\系统\Sign-in-1.0.3\Sign-in\Sign-In-dev\target\classes started by Administrator in E:\BaiduSyncdisk\系统\Sign-in-1.0.3)
2023-11-21 13:05:21,632 INFO org.springframework.boot.SpringApplication [main] No active profile set, falling back to 1 default profile: "default"
2023-11-21 13:05:21,797 INFO org.springframework.boot.web.embedded.tomcat.TomcatWebServer [main] Tomcat initialized with port(s): 8080 (http)
2023-11-21 13:05:21,810 INFO org.apache.juli.logging.DirectJDKLog [main] Initializing ProtocolHandler ["http-nio-8080"]
2023-11-21 13:05:21,811 INFO org.apache.juli.logging.DirectJDKLog [main] Starting service [Tomcat]
2023-11-21 13:05:21,811 INFO org.apache.juli.logging.DirectJDKLog [main] Starting Servlet engine: [Apache Tomcat/10.1.7]
2023-11-21 13:05:21,903 INFO org.apache.juli.logging.DirectJDKLog [main] Initializing Spring embedded WebApplicationContext
2023-11-21 13:05:21,904 INFO org.springframework.boot.web.servlet.context.ServletWebServerApplicationContext [main] Root WebApplicationContext: initialization completed in 1853 ms
2023-11-21 13:05:22,108 INFO com.alibaba.druid.spring.boot3.autoconfigure.DruidDataSourceAutoConfigure [main] Init DruidDataSource
2023-11-21 13:05:22,584 INFO com.alibaba.druid.pool.DruidDataSource [main] {dataSource-1} inited
2023-11-21 13:05:22,603 INFO org.springframework.boot.web.embedded.tomcat.TomcatWebServer [main] Tomcat initialized with port(s): 8080 (http)
2023-11-21 13:05:22,612 INFO org.apache.juli.logging.DirectJDKLog [main] Initializing ProtocolHandler ["http-nio-8080"]
2023-11-21 13:05:22,612 INFO org.apache.juli.logging.DirectJDKLog [main] Starting service [Tomcat]
2023-11-21 13:05:22,613 INFO org.apache.juli.logging.DirectJDKLog [main] Starting Servlet engine: [Apache Tomcat/10.1.7]
2023-11-21 13:05:22,688 INFO org.apache.juli.logging.DirectJDKLog [main] Initializing Spring embedded WebApplicationContext
2023-11-21 13:05:22,688 INFO org.springframework.boot.web.servlet.context.ServletWebServerApplicationContext [main] Root WebApplicationContext: initialization completed in 1024 ms
2023-11-21 13:05:22,855 INFO com.alibaba.druid.spring.boot3.autoconfigure.DruidDataSourceAutoConfigure [main] Init DruidDataSource
2023-11-21 13:05:23,228 INFO com.alibaba.druid.pool.DruidDataSource [main] {dataSource-1} inited
2023-11-21 13:05:23,906 INFO org.apache.juli.logging.DirectJDKLog [main] Starting ProtocolHandler ["http-nio-8080"]
2023-11-21 13:05:23,931 INFO org.springframework.boot.web.embedded.tomcat.TomcatWebServer [main] Tomcat started on port(s): 8080 (http) with context path ''
2023-11-21 13:05:23,940 INFO org.springframework.boot.StartupInfoLogger [main] Started Main in 4.383 seconds (process running for 5.732)
2023-11-21 13:05:23,942 INFO com.jszx.Main [main] server started
2023-11-21 13:05:24,262 INFO org.apache.juli.logging.DirectJDKLog [main] Starting ProtocolHandler ["http-nio-8080"]
2023-11-21 13:05:24,266 WARN org.springframework.context.support.AbstractApplicationContext [main] Exception encountered during context initialization - cancelling refresh attempt: org.springframework.context.ApplicationContextException: Failed to start bean 'webServerStartStop'
2023-11-21 13:05:24,267 INFO com.alibaba.druid.pool.DruidDataSource [main] {dataSource-1} closing ...
2023-11-21 13:05:24,270 INFO com.alibaba.druid.pool.DruidDataSource [main] {dataSource-1} closed
2023-11-21 13:05:24,271 INFO org.apache.juli.logging.DirectJDKLog [main] Pausing ProtocolHandler ["http-nio-8080"]
2023-11-21 13:05:24,272 INFO org.apache.juli.logging.DirectJDKLog [main] Stopping service [Tomcat]
2023-11-21 13:05:24,282 INFO org.apache.juli.logging.DirectJDKLog [main] Stopping ProtocolHandler ["http-nio-8080"]
2023-11-21 13:05:24,283 INFO org.apache.juli.logging.DirectJDKLog [main] Destroying ProtocolHandler ["http-nio-8080"]
2023-11-21 13:05:24,288 INFO org.springframework.boot.autoconfigure.logging.ConditionEvaluationReportLogger [main] 

Error starting ApplicationContext. To display the condition evaluation report re-run your application with 'debug' enabled.
2023-11-21 13:05:24,317 ERROR org.springframework.boot.diagnostics.LoggingFailureAnalysisReporter [main] 

***************************
APPLICATION FAILED TO START
***************************

Description:

Web server failed to start. Port 8080 was already in use.

Action:

Identify and stop the process that's listening on port 8080 or configure this application to listen on another port.

2023-11-21 13:05:29,057 INFO com.alibaba.druid.pool.DruidDataSource [SpringApplicationShutdownHook] {dataSource-1} closing ...
2023-11-21 13:05:29,060 INFO com.alibaba.druid.pool.DruidDataSource [SpringApplicationShutdownHook] {dataSource-1} closed
2023-11-21 13:05:34,621 INFO org.springframework.boot.StartupInfoLogger [main] Starting Main using Java 17.0.8 with PID 25060 (E:\BaiduSyncdisk\系统\Sign-in-1.0.3\Sign-in\Sign-In-dev\target\classes started by Administrator in E:\BaiduSyncdisk\系统\Sign-in-1.0.3)
2023-11-21 13:05:34,627 INFO org.springframework.boot.SpringApplication [main] No active profile set, falling back to 1 default profile: "default"
2023-11-21 13:05:35,476 INFO org.springframework.boot.web.embedded.tomcat.TomcatWebServer [main] Tomcat initialized with port(s): 8080 (http)
2023-11-21 13:05:35,483 INFO org.apache.juli.logging.DirectJDKLog [main] Initializing ProtocolHandler ["http-nio-8080"]
2023-11-21 13:05:35,483 INFO org.apache.juli.logging.DirectJDKLog [main] Starting service [Tomcat]
2023-11-21 13:05:35,483 INFO org.apache.juli.logging.DirectJDKLog [main] Starting Servlet engine: [Apache Tomcat/10.1.7]
2023-11-21 13:05:35,547 INFO org.apache.juli.logging.DirectJDKLog [main] Initializing Spring embedded WebApplicationContext
2023-11-21 13:05:35,547 INFO org.springframework.boot.web.servlet.context.ServletWebServerApplicationContext [main] Root WebApplicationContext: initialization completed in 896 ms
2023-11-21 13:05:35,661 INFO com.alibaba.druid.spring.boot3.autoconfigure.DruidDataSourceAutoConfigure [main] Init DruidDataSource
2023-11-21 13:05:35,981 INFO com.alibaba.druid.pool.DruidDataSource [main] {dataSource-1} inited
2023-11-21 13:05:36,852 INFO org.apache.juli.logging.DirectJDKLog [main] Starting ProtocolHandler ["http-nio-8080"]
2023-11-21 13:05:36,870 INFO org.springframework.boot.web.embedded.tomcat.TomcatWebServer [main] Tomcat started on port(s): 8080 (http) with context path ''
2023-11-21 13:05:36,877 INFO org.springframework.boot.StartupInfoLogger [main] Started Main in 2.524 seconds (process running for 3.507)
2023-11-21 13:05:36,879 INFO com.jszx.Main [main] server started
2023-11-21 13:05:48,097 INFO org.apache.juli.logging.DirectJDKLog [http-nio-8080-exec-1] Initializing Spring DispatcherServlet 'dispatcherServlet'
2023-11-21 13:05:48,098 INFO org.springframework.web.servlet.FrameworkServlet [http-nio-8080-exec-1] Initializing Servlet 'dispatcherServlet'
2023-11-21 13:05:48,098 INFO org.springframework.web.servlet.FrameworkServlet [http-nio-8080-exec-1] Completed initialization in 0 ms
2023-11-21 13:07:57,226 INFO com.alibaba.druid.pool.DruidDataSource [SpringApplicationShutdownHook] {dataSource-1} closing ...
2023-11-21 13:07:57,228 INFO com.alibaba.druid.pool.DruidDataSource [SpringApplicationShutdownHook] {dataSource-1} closed
2023-11-21 13:08:21,956 INFO org.springframework.boot.StartupInfoLogger [main] Starting Main using Java 17.0.8 with PID 27092 (E:\BaiduSyncdisk\系统\Sign-in-1.0.3\Sign-in\Sign-In-dev\target\classes started by Administrator in E:\BaiduSyncdisk\系统\Sign-in-1.0.3)
2023-11-21 13:08:21,962 INFO org.springframework.boot.SpringApplication [main] No active profile set, falling back to 1 default profile: "default"
2023-11-21 13:08:22,800 INFO org.springframework.boot.web.embedded.tomcat.TomcatWebServer [main] Tomcat initialized with port(s): 8080 (http)
2023-11-21 13:08:22,807 INFO org.apache.juli.logging.DirectJDKLog [main] Initializing ProtocolHandler ["http-nio-8080"]
2023-11-21 13:08:22,808 INFO org.apache.juli.logging.DirectJDKLog [main] Starting service [Tomcat]
2023-11-21 13:08:22,808 INFO org.apache.juli.logging.DirectJDKLog [main] Starting Servlet engine: [Apache Tomcat/10.1.7]
2023-11-21 13:08:22,869 INFO org.apache.juli.logging.DirectJDKLog [main] Initializing Spring embedded WebApplicationContext
2023-11-21 13:08:22,870 INFO org.springframework.boot.web.servlet.context.ServletWebServerApplicationContext [main] Root WebApplicationContext: initialization completed in 883 ms
2023-11-21 13:08:22,975 INFO com.alibaba.druid.spring.boot3.autoconfigure.DruidDataSourceAutoConfigure [main] Init DruidDataSource
2023-11-21 13:08:23,276 INFO com.alibaba.druid.pool.DruidDataSource [main] {dataSource-1} inited
2023-11-21 13:08:24,158 INFO org.apache.juli.logging.DirectJDKLog [main] Starting ProtocolHandler ["http-nio-8080"]
2023-11-21 13:08:24,174 INFO org.springframework.boot.web.embedded.tomcat.TomcatWebServer [main] Tomcat started on port(s): 8080 (http) with context path ''
2023-11-21 13:08:24,180 INFO org.springframework.boot.StartupInfoLogger [main] Started Main in 2.517 seconds (process running for 3.534)
2023-11-21 13:08:24,181 INFO com.jszx.Main [main] server started
2023-11-21 13:08:35,613 INFO org.apache.juli.logging.DirectJDKLog [http-nio-8080-exec-1] Initializing Spring DispatcherServlet 'dispatcherServlet'
2023-11-21 13:08:35,613 INFO org.springframework.web.servlet.FrameworkServlet [http-nio-8080-exec-1] Initializing Servlet 'dispatcherServlet'
2023-11-21 13:08:35,614 INFO org.springframework.web.servlet.FrameworkServlet [http-nio-8080-exec-1] Completed initialization in 1 ms
2023-11-21 13:08:36,092 WARN org.springframework.core.LocalVariableTableParameterNameDiscoverer [http-nio-8080-exec-4] Using deprecated '-debug' fallback for parameter name resolution. Compile the affected code with '-parameters' instead or avoid its introspection: com.jszx.controller.UserController
2023-11-21 13:08:36,145 WARN org.springframework.core.LocalVariableTableParameterNameDiscoverer [http-nio-8080-exec-4] Using deprecated '-debug' fallback for parameter name resolution. Compile the affected code with '-parameters' instead or avoid its introspection: com.jszx.controller.adminController
2023-11-21 13:08:36,154 WARN org.springframework.core.LocalVariableTableParameterNameDiscoverer [http-nio-8080-exec-4] Using deprecated '-debug' fallback for parameter name resolution. Compile the affected code with '-parameters' instead or avoid its introspection: com.jszx.controller.SignController
2023-11-21 13:08:36,166 WARN org.springframework.core.LocalVariableTableParameterNameDiscoverer [http-nio-8080-exec-4] Using deprecated '-debug' fallback for parameter name resolution. Compile the affected code with '-parameters' instead or avoid its introspection: com.jszx.controller.testController
2023-11-21 13:08:36,209 INFO org.springdoc.api.AbstractOpenApiResource [http-nio-8080-exec-4] Init duration for springdoc-openapi is: 200 ms
2023-11-21 13:08:42,990 ERROR org.apache.juli.logging.DirectJDKLog [http-nio-8080-exec-6] Servlet.service() for servlet [dispatcherServlet] in context with path [] threw exception [Request processing failed: org.mybatis.spring.MyBatisSystemException] with root cause
org.apache.ibatis.ognl.NoSuchPropertyException: com.jszx.pojo.vo.RecoderVo.user
2023-11-21 13:09:18,453 INFO com.alibaba.druid.pool.DruidDataSource [SpringApplicationShutdownHook] {dataSource-1} closing ...
2023-11-21 13:09:18,458 INFO com.alibaba.druid.pool.DruidDataSource [SpringApplicationShutdownHook] {dataSource-1} closed
2023-11-21 13:09:21,035 INFO org.springframework.boot.StartupInfoLogger [main] Starting Main using Java 17.0.8 with PID 28576 (E:\BaiduSyncdisk\系统\Sign-in-1.0.3\Sign-in\Sign-In-dev\target\classes started by Administrator in E:\BaiduSyncdisk\系统\Sign-in-1.0.3)
2023-11-21 13:09:21,041 INFO org.springframework.boot.SpringApplication [main] No active profile set, falling back to 1 default profile: "default"
2023-11-21 13:09:21,877 INFO org.springframework.boot.web.embedded.tomcat.TomcatWebServer [main] Tomcat initialized with port(s): 8080 (http)
2023-11-21 13:09:21,884 INFO org.apache.juli.logging.DirectJDKLog [main] Initializing ProtocolHandler ["http-nio-8080"]
2023-11-21 13:09:21,884 INFO org.apache.juli.logging.DirectJDKLog [main] Starting service [Tomcat]
2023-11-21 13:09:21,885 INFO org.apache.juli.logging.DirectJDKLog [main] Starting Servlet engine: [Apache Tomcat/10.1.7]
2023-11-21 13:09:21,946 INFO org.apache.juli.logging.DirectJDKLog [main] Initializing Spring embedded WebApplicationContext
2023-11-21 13:09:21,946 INFO org.springframework.boot.web.servlet.context.ServletWebServerApplicationContext [main] Root WebApplicationContext: initialization completed in 881 ms
2023-11-21 13:09:22,064 INFO com.alibaba.druid.spring.boot3.autoconfigure.DruidDataSourceAutoConfigure [main] Init DruidDataSource
2023-11-21 13:09:22,366 INFO com.alibaba.druid.pool.DruidDataSource [main] {dataSource-1} inited
2023-11-21 13:09:23,192 INFO org.apache.juli.logging.DirectJDKLog [main] Starting ProtocolHandler ["http-nio-8080"]
2023-11-21 13:09:23,208 INFO org.springframework.boot.web.embedded.tomcat.TomcatWebServer [main] Tomcat started on port(s): 8080 (http) with context path ''
2023-11-21 13:09:23,215 INFO org.springframework.boot.StartupInfoLogger [main] Started Main in 2.464 seconds (process running for 3.487)
2023-11-21 13:09:23,217 INFO com.jszx.Main [main] server started
2023-11-21 13:09:29,622 INFO org.apache.juli.logging.DirectJDKLog [http-nio-8080-exec-2] Initializing Spring DispatcherServlet 'dispatcherServlet'
2023-11-21 13:09:29,623 INFO org.springframework.web.servlet.FrameworkServlet [http-nio-8080-exec-2] Initializing Servlet 'dispatcherServlet'
2023-11-21 13:09:29,624 INFO org.springframework.web.servlet.FrameworkServlet [http-nio-8080-exec-2] Completed initialization in 1 ms
2023-11-21 13:11:53,378 ERROR org.apache.juli.logging.DirectJDKLog [http-nio-8080-exec-8] Servlet.service() for servlet [dispatcherServlet] in context with path [] threw exception [Request processing failed: org.mybatis.spring.MyBatisSystemException] with root cause
org.apache.ibatis.reflection.ReflectionException: There is no getter for property named 'user' in 'class com.jszx.pojo.vo.RecoderVo'
	at org.apache.ibatis.reflection.Reflector.getGetInvoker(Reflector.java:387) ~[mybatis-3.5.10.jar:3.5.10]
	at org.apache.ibatis.reflection.MetaClass.getGetInvoker(MetaClass.java:164) ~[mybatis-3.5.10.jar:3.5.10]
	at org.apache.ibatis.reflection.wrapper.BeanWrapper.getBeanProperty(BeanWrapper.java:162) ~[mybatis-3.5.10.jar:3.5.10]
	at org.apache.ibatis.reflection.wrapper.BeanWrapper.get(BeanWrapper.java:49) ~[mybatis-3.5.10.jar:3.5.10]
	at org.apache.ibatis.reflection.MetaObject.getValue(MetaObject.java:122) ~[mybatis-3.5.10.jar:3.5.10]
	at org.apache.ibatis.reflection.MetaObject.getValue(MetaObject.java:119) ~[mybatis-3.5.10.jar:3.5.10]
	at org.apache.ibatis.executor.BaseExecutor.createCacheKey(BaseExecutor.java:219) ~[mybatis-3.5.10.jar:3.5.10]
	at org.apache.ibatis.executor.CachingExecutor.createCacheKey(CachingExecutor.java:146) ~[mybatis-3.5.10.jar:3.5.10]
	at com.baomidou.mybatisplus.extension.plugins.inner.PaginationInnerInterceptor.willDoQuery(PaginationInnerInterceptor.java:134) ~[mybatis-plus-extension-3.5.3.1.jar:3.5.3.1]
	at com.baomidou.mybatisplus.extension.plugins.MybatisPlusInterceptor.intercept(MybatisPlusInterceptor.java:75) ~[mybatis-plus-extension-3.5.3.1.jar:3.5.3.1]
	at org.apache.ibatis.plugin.Plugin.invoke(Plugin.java:62) ~[mybatis-3.5.10.jar:3.5.10]
	at jdk.proxy2.$Proxy131.query(Unknown Source) ~[?:?]
	at org.apache.ibatis.session.defaults.DefaultSqlSession.selectList(DefaultSqlSession.java:151) ~[mybatis-3.5.10.jar:3.5.10]
	at org.apache.ibatis.session.defaults.DefaultSqlSession.selectList(DefaultSqlSession.java:145) ~[mybatis-3.5.10.jar:3.5.10]
	at org.apache.ibatis.session.defaults.DefaultSqlSession.selectList(DefaultSqlSession.java:140) ~[mybatis-3.5.10.jar:3.5.10]
	at jdk.internal.reflect.NativeMethodAccessorImpl.invoke0(Native Method) ~[?:?]
	at jdk.internal.reflect.NativeMethodAccessorImpl.invoke(NativeMethodAccessorImpl.java:77) ~[?:?]
	at jdk.internal.reflect.DelegatingMethodAccessorImpl.invoke(DelegatingMethodAccessorImpl.java:43) ~[?:?]
	at java.lang.reflect.Method.invoke(Method.java:568) ~[?:?]
	at org.mybatis.spring.SqlSessionTemplate$SqlSessionInterceptor.invoke(SqlSessionTemplate.java:427) ~[mybatis-spring-2.0.7.jar:2.0.7]
	at jdk.proxy2.$Proxy95.selectList(Unknown Source) ~[?:?]
	at org.mybatis.spring.SqlSessionTemplate.selectList(SqlSessionTemplate.java:224) ~[mybatis-spring-2.0.7.jar:2.0.7]
	at com.baomidou.mybatisplus.core.override.MybatisMapperMethod.executeForIPage(MybatisMapperMethod.java:121) ~[mybatis-plus-core-3.5.3.1.jar:3.5.3.1]
	at com.baomidou.mybatisplus.core.override.MybatisMapperMethod.execute(MybatisMapperMethod.java:85) ~[mybatis-plus-core-3.5.3.1.jar:3.5.3.1]
	at com.baomidou.mybatisplus.core.override.MybatisMapperProxy$PlainMethodInvoker.invoke(MybatisMapperProxy.java:148) ~[mybatis-plus-core-3.5.3.1.jar:3.5.3.1]
	at com.baomidou.mybatisplus.core.override.MybatisMapperProxy.invoke(MybatisMapperProxy.java:89) ~[mybatis-plus-core-3.5.3.1.jar:3.5.3.1]
	at jdk.proxy2.$Proxy99.selectAllUserPageMap(Unknown Source) ~[?:?]
	at com.jszx.service.impl.AdminServiceImpl.queryRecodrFromByPage(AdminServiceImpl.java:126) ~[classes/:?]
	at jdk.internal.reflect.NativeMethodAccessorImpl.invoke0(Native Method) ~[?:?]
	at jdk.internal.reflect.NativeMethodAccessorImpl.invoke(NativeMethodAccessorImpl.java:77) ~[?:?]
	at jdk.internal.reflect.DelegatingMethodAccessorImpl.invoke(DelegatingMethodAccessorImpl.java:43) ~[?:?]
	at java.lang.reflect.Method.invoke(Method.java:568) ~[?:?]
	at org.springframework.aop.support.AopUtils.invokeJoinpointUsingReflection(AopUtils.java:343) ~[spring-aop-6.0.7.jar:6.0.7]
	at org.springframework.aop.framework.CglibAopProxy$DynamicAdvisedInterceptor.intercept(CglibAopProxy.java:698) ~[spring-aop-6.0.7.jar:6.0.7]
	at com.jszx.service.impl.AdminServiceImpl$$SpringCGLIB$$0.queryRecodrFromByPage(<generated>) ~[classes/:?]
	at com.jszx.controller.adminController.queryRecodrFromByPage(adminController.java:30) ~[classes/:?]
	at jdk.internal.reflect.NativeMethodAccessorImpl.invoke0(Native Method) ~[?:?]
	at jdk.internal.reflect.NativeMethodAccessorImpl.invoke(NativeMethodAccessorImpl.java:77) ~[?:?]
	at jdk.internal.reflect.DelegatingMethodAccessorImpl.invoke(DelegatingMethodAccessorImpl.java:43) ~[?:?]
	at java.lang.reflect.Method.invoke(Method.java:568) ~[?:?]
	at org.springframework.web.method.support.InvocableHandlerMethod.doInvoke(InvocableHandlerMethod.java:207) ~[spring-web-6.0.7.jar:6.0.7]
	at org.springframework.web.method.support.InvocableHandlerMethod.invokeForRequest(InvocableHandlerMethod.java:152) ~[spring-web-6.0.7.jar:6.0.7]
	at org.springframework.web.servlet.mvc.method.annotation.ServletInvocableHandlerMethod.invokeAndHandle(ServletInvocableHandlerMethod.java:118) ~[spring-webmvc-6.0.7.jar:6.0.7]
	at org.springframework.web.servlet.mvc.method.annotation.RequestMappingHandlerAdapter.invokeHandlerMethod(RequestMappingHandlerAdapter.java:884) ~[spring-webmvc-6.0.7.jar:6.0.7]
	at org.springframework.web.servlet.mvc.method.annotation.RequestMappingHandlerAdapter.handleInternal(RequestMappingHandlerAdapter.java:797) ~[spring-webmvc-6.0.7.jar:6.0.7]
	at org.springframework.web.servlet.mvc.method.AbstractHandlerMethodAdapter.handle(AbstractHandlerMethodAdapter.java:87) ~[spring-webmvc-6.0.7.jar:6.0.7]
	at org.springframework.web.servlet.DispatcherServlet.doDispatch(DispatcherServlet.java:1081) ~[spring-webmvc-6.0.7.jar:6.0.7]
	at org.springframework.web.servlet.DispatcherServlet.doService(DispatcherServlet.java:974) ~[spring-webmvc-6.0.7.jar:6.0.7]
	at org.springframework.web.servlet.FrameworkServlet.processRequest(FrameworkServlet.java:1011) ~[spring-webmvc-6.0.7.jar:6.0.7]
	at org.springframework.web.servlet.FrameworkServlet.doPost(FrameworkServlet.java:914) ~[spring-webmvc-6.0.7.jar:6.0.7]
	at jakarta.servlet.http.HttpServlet.service(HttpServlet.java:563) ~[tomcat-embed-core-10.1.7.jar:6.0]
	at org.springframework.web.servlet.FrameworkServlet.service(FrameworkServlet.java:885) ~[spring-webmvc-6.0.7.jar:6.0.7]
	at jakarta.servlet.http.HttpServlet.service(HttpServlet.java:631) ~[tomcat-embed-core-10.1.7.jar:6.0]
	at org.apache.catalina.core.ApplicationFilterChain.internalDoFilter(ApplicationFilterChain.java:205) ~[tomcat-embed-core-10.1.7.jar:10.1.7]
	at org.apache.catalina.core.ApplicationFilterChain.doFilter(ApplicationFilterChain.java:149) ~[tomcat-embed-core-10.1.7.jar:10.1.7]
	at org.apache.tomcat.websocket.server.WsFilter.doFilter(WsFilter.java:53) ~[tomcat-embed-websocket-10.1.7.jar:10.1.7]
	at org.apache.catalina.core.ApplicationFilterChain.internalDoFilter(ApplicationFilterChain.java:174) ~[tomcat-embed-core-10.1.7.jar:10.1.7]
	at org.apache.catalina.core.ApplicationFilterChain.doFilter(ApplicationFilterChain.java:149) ~[tomcat-embed-core-10.1.7.jar:10.1.7]
	at com.alibaba.druid.support.jakarta.WebStatFilter.doFilter(WebStatFilter.java:113) ~[druid-1.2.18.jar:?]
	at org.apache.catalina.core.ApplicationFilterChain.internalDoFilter(ApplicationFilterChain.java:174) ~[tomcat-embed-core-10.1.7.jar:10.1.7]
	at org.apache.catalina.core.ApplicationFilterChain.doFilter(ApplicationFilterChain.java:149) ~[tomcat-embed-core-10.1.7.jar:10.1.7]
	at org.springframework.web.filter.RequestContextFilter.doFilterInternal(RequestContextFilter.java:100) ~[spring-web-6.0.7.jar:6.0.7]
	at org.springframework.web.filter.OncePerRequestFilter.doFilter(OncePerRequestFilter.java:116) ~[spring-web-6.0.7.jar:6.0.7]
	at org.apache.catalina.core.ApplicationFilterChain.internalDoFilter(ApplicationFilterChain.java:174) ~[tomcat-embed-core-10.1.7.jar:10.1.7]
	at org.apache.catalina.core.ApplicationFilterChain.doFilter(ApplicationFilterChain.java:149) ~[tomcat-embed-core-10.1.7.jar:10.1.7]
	at org.springframework.web.filter.FormContentFilter.doFilterInternal(FormContentFilter.java:93) ~[spring-web-6.0.7.jar:6.0.7]
	at org.springframework.web.filter.OncePerRequestFilter.doFilter(OncePerRequestFilter.java:116) ~[spring-web-6.0.7.jar:6.0.7]
	at org.apache.catalina.core.ApplicationFilterChain.internalDoFilter(ApplicationFilterChain.java:174) ~[tomcat-embed-core-10.1.7.jar:10.1.7]
	at org.apache.catalina.core.ApplicationFilterChain.doFilter(ApplicationFilterChain.java:149) ~[tomcat-embed-core-10.1.7.jar:10.1.7]
	at org.springframework.web.filter.CharacterEncodingFilter.doFilterInternal(CharacterEncodingFilter.java:201) ~[spring-web-6.0.7.jar:6.0.7]
	at org.springframework.web.filter.OncePerRequestFilter.doFilter(OncePerRequestFilter.java:116) ~[spring-web-6.0.7.jar:6.0.7]
	at org.apache.catalina.core.ApplicationFilterChain.internalDoFilter(ApplicationFilterChain.java:174) ~[tomcat-embed-core-10.1.7.jar:10.1.7]
	at org.apache.catalina.core.ApplicationFilterChain.doFilter(ApplicationFilterChain.java:149) ~[tomcat-embed-core-10.1.7.jar:10.1.7]
	at org.apache.catalina.core.StandardWrapperValve.invoke(StandardWrapperValve.java:166) ~[tomcat-embed-core-10.1.7.jar:10.1.7]
	at org.apache.catalina.core.StandardContextValve.invoke(StandardContextValve.java:90) ~[tomcat-embed-core-10.1.7.jar:10.1.7]
	at org.apache.catalina.authenticator.AuthenticatorBase.invoke(AuthenticatorBase.java:493) ~[tomcat-embed-core-10.1.7.jar:10.1.7]
	at org.apache.catalina.core.StandardHostValve.invoke(StandardHostValve.java:115) ~[tomcat-embed-core-10.1.7.jar:10.1.7]
	at org.apache.catalina.valves.ErrorReportValve.invoke(ErrorReportValve.java:93) ~[tomcat-embed-core-10.1.7.jar:10.1.7]
	at org.apache.catalina.core.StandardEngineValve.invoke(StandardEngineValve.java:74) ~[tomcat-embed-core-10.1.7.jar:10.1.7]
	at org.apache.catalina.connector.CoyoteAdapter.service(CoyoteAdapter.java:341) ~[tomcat-embed-core-10.1.7.jar:10.1.7]
	at org.apache.coyote.http11.Http11Processor.service(Http11Processor.java:390) ~[tomcat-embed-core-10.1.7.jar:10.1.7]
	at org.apache.coyote.AbstractProcessorLight.process(AbstractProcessorLight.java:63) ~[tomcat-embed-core-10.1.7.jar:10.1.7]
	at org.apache.coyote.AbstractProtocol$ConnectionHandler.process(AbstractProtocol.java:894) ~[tomcat-embed-core-10.1.7.jar:10.1.7]
	at org.apache.tomcat.util.net.NioEndpoint$SocketProcessor.doRun(NioEndpoint.java:1741) ~[tomcat-embed-core-10.1.7.jar:10.1.7]
	at org.apache.tomcat.util.net.SocketProcessorBase.run(SocketProcessorBase.java:52) ~[tomcat-embed-core-10.1.7.jar:10.1.7]
	at org.apache.tomcat.util.threads.ThreadPoolExecutor.runWorker(ThreadPoolExecutor.java:1191) ~[tomcat-embed-core-10.1.7.jar:10.1.7]
	at org.apache.tomcat.util.threads.ThreadPoolExecutor$Worker.run(ThreadPoolExecutor.java:659) ~[tomcat-embed-core-10.1.7.jar:10.1.7]
	at org.apache.tomcat.util.threads.TaskThread$WrappingRunnable.run(TaskThread.java:61) ~[tomcat-embed-core-10.1.7.jar:10.1.7]
	at java.lang.Thread.run(Thread.java:833) ~[?:?]
2023-11-21 13:12:22,564 INFO com.alibaba.druid.pool.DruidDataSource [SpringApplicationShutdownHook] {dataSource-1} closing ...
2023-11-21 13:12:22,567 INFO com.alibaba.druid.pool.DruidDataSource [SpringApplicationShutdownHook] {dataSource-1} closed
2023-11-21 13:12:25,183 INFO org.springframework.boot.StartupInfoLogger [main] Starting Main using Java 17.0.8 with PID 28724 (E:\BaiduSyncdisk\系统\Sign-in-1.0.3\Sign-in\Sign-In-dev\target\classes started by Administrator in E:\BaiduSyncdisk\系统\Sign-in-1.0.3)
2023-11-21 13:12:25,188 INFO org.springframework.boot.SpringApplication [main] No active profile set, falling back to 1 default profile: "default"
2023-11-21 13:12:26,062 INFO org.springframework.boot.web.embedded.tomcat.TomcatWebServer [main] Tomcat initialized with port(s): 8080 (http)
2023-11-21 13:12:26,068 INFO org.apache.juli.logging.DirectJDKLog [main] Initializing ProtocolHandler ["http-nio-8080"]
2023-11-21 13:12:26,069 INFO org.apache.juli.logging.DirectJDKLog [main] Starting service [Tomcat]
2023-11-21 13:12:26,070 INFO org.apache.juli.logging.DirectJDKLog [main] Starting Servlet engine: [Apache Tomcat/10.1.7]
2023-11-21 13:12:26,186 INFO org.apache.juli.logging.DirectJDKLog [main] Initializing Spring embedded WebApplicationContext
2023-11-21 13:12:26,187 INFO org.springframework.boot.web.servlet.context.ServletWebServerApplicationContext [main] Root WebApplicationContext: initialization completed in 974 ms
2023-11-21 13:12:26,354 INFO com.alibaba.druid.spring.boot3.autoconfigure.DruidDataSourceAutoConfigure [main] Init DruidDataSource
2023-11-21 13:12:26,755 INFO com.alibaba.druid.pool.DruidDataSource [main] {dataSource-1} inited
2023-11-21 13:12:27,696 INFO org.apache.juli.logging.DirectJDKLog [main] Starting ProtocolHandler ["http-nio-8080"]
2023-11-21 13:12:27,712 INFO org.springframework.boot.web.embedded.tomcat.TomcatWebServer [main] Tomcat started on port(s): 8080 (http) with context path ''
2023-11-21 13:12:27,719 INFO org.springframework.boot.StartupInfoLogger [main] Started Main in 2.83 seconds (process running for 3.704)
2023-11-21 13:12:27,721 INFO com.jszx.Main [main] server started
2023-11-21 13:12:57,628 INFO com.alibaba.druid.pool.DruidDataSource [SpringApplicationShutdownHook] {dataSource-1} closing ...
2023-11-21 13:12:57,632 INFO com.alibaba.druid.pool.DruidDataSource [SpringApplicationShutdownHook] {dataSource-1} closed
2023-11-21 13:13:00,216 INFO org.springframework.boot.StartupInfoLogger [main] Starting Main using Java 17.0.8 with PID 13740 (E:\BaiduSyncdisk\系统\Sign-in-1.0.3\Sign-in\Sign-In-dev\target\classes started by Administrator in E:\BaiduSyncdisk\系统\Sign-in-1.0.3)
2023-11-21 13:13:00,222 INFO org.springframework.boot.SpringApplication [main] No active profile set, falling back to 1 default profile: "default"
2023-11-21 13:13:01,065 INFO org.springframework.boot.web.embedded.tomcat.TomcatWebServer [main] Tomcat initialized with port(s): 8080 (http)
2023-11-21 13:13:01,072 INFO org.apache.juli.logging.DirectJDKLog [main] Initializing ProtocolHandler ["http-nio-8080"]
2023-11-21 13:13:01,072 INFO org.apache.juli.logging.DirectJDKLog [main] Starting service [Tomcat]
2023-11-21 13:13:01,072 INFO org.apache.juli.logging.DirectJDKLog [main] Starting Servlet engine: [Apache Tomcat/10.1.7]
2023-11-21 13:13:01,131 INFO org.apache.juli.logging.DirectJDKLog [main] Initializing Spring embedded WebApplicationContext
2023-11-21 13:13:01,132 INFO org.springframework.boot.web.servlet.context.ServletWebServerApplicationContext [main] Root WebApplicationContext: initialization completed in 884 ms
2023-11-21 13:13:01,239 INFO com.alibaba.druid.spring.boot3.autoconfigure.DruidDataSourceAutoConfigure [main] Init DruidDataSource
2023-11-21 13:13:01,533 INFO com.alibaba.druid.pool.DruidDataSource [main] {dataSource-1} inited
2023-11-21 13:13:02,408 INFO org.apache.juli.logging.DirectJDKLog [main] Starting ProtocolHandler ["http-nio-8080"]
2023-11-21 13:13:02,425 INFO org.springframework.boot.web.embedded.tomcat.TomcatWebServer [main] Tomcat started on port(s): 8080 (http) with context path ''
2023-11-21 13:13:02,431 INFO org.springframework.boot.StartupInfoLogger [main] Started Main in 2.508 seconds (process running for 3.541)
2023-11-21 13:13:02,433 INFO com.jszx.Main [main] server started
2023-11-21 13:13:06,546 INFO org.apache.juli.logging.DirectJDKLog [http-nio-8080-exec-2] Initializing Spring DispatcherServlet 'dispatcherServlet'
2023-11-21 13:13:06,546 INFO org.springframework.web.servlet.FrameworkServlet [http-nio-8080-exec-2] Initializing Servlet 'dispatcherServlet'
2023-11-21 13:13:06,547 INFO org.springframework.web.servlet.FrameworkServlet [http-nio-8080-exec-2] Completed initialization in 1 ms
2023-11-21 15:43:59,920 WARN com.baomidou.mybatisplus.core.toolkit.support.ReflectLambdaMeta [http-nio-8080-exec-6] Unable to make field private final java.lang.Class java.lang.invoke.SerializedLambda.capturingClass accessible: module java.base does not "opens java.lang.invoke" to unnamed module @29f7cefd
2023-11-21 16:22:10,364 WARN org.springframework.web.servlet.handler.AbstractHandlerExceptionResolver [http-nio-8080-exec-7] Resolved [org.springframework.web.bind.MissingRequestHeaderException: Required request header 'token' for method parameter type String is not present]
2023-11-21 16:23:54,371 WARN org.springframework.web.servlet.handler.AbstractHandlerExceptionResolver [http-nio-8080-exec-10] Resolved [org.springframework.web.bind.MissingRequestHeaderException: Required request header 'token' for method parameter type String is not present]
2023-11-21 17:15:38,850 WARN org.springframework.web.servlet.handler.AbstractHandlerExceptionResolver [http-nio-8080-exec-3] Resolved [org.springframework.web.bind.MissingRequestHeaderException: Required request header 'token' for method parameter type String is not present]
2023-11-21 17:16:34,873 WARN org.springframework.web.servlet.handler.AbstractHandlerExceptionResolver [http-nio-8080-exec-5] Resolved [org.springframework.web.bind.MissingRequestHeaderException: Required request header 'token' for method parameter type String is not present]
2023-11-21 17:16:55,712 WARN org.springframework.web.servlet.handler.AbstractHandlerExceptionResolver [http-nio-8080-exec-10] Resolved [org.springframework.web.bind.MissingRequestHeaderException: Required request header 'token' for method parameter type String is not present]
2023-11-21 17:17:23,009 WARN org.springframework.web.servlet.handler.AbstractHandlerExceptionResolver [http-nio-8080-exec-3] Resolved [org.springframework.web.bind.MissingRequestHeaderException: Required request header 'token' for method parameter type String is not present]
2023-11-21 17:18:38,652 WARN org.springframework.web.servlet.handler.AbstractHandlerExceptionResolver [http-nio-8080-exec-4] Resolved [org.springframework.web.bind.MissingRequestHeaderException: Required request header 'token' for method parameter type String is not present]
2023-11-21 17:18:49,900 WARN org.springframework.web.servlet.handler.AbstractHandlerExceptionResolver [http-nio-8080-exec-9] Resolved [org.springframework.web.bind.MissingRequestHeaderException: Required request header 'token' for method parameter type String is not present]
2023-11-21 17:37:01,658 WARN org.springframework.web.servlet.handler.AbstractHandlerExceptionResolver [http-nio-8080-exec-7] Resolved [org.springframework.web.bind.MissingRequestHeaderException: Required request header 'token' for method parameter type String is not present]
2023-11-21 17:37:13,029 WARN org.springframework.web.servlet.handler.AbstractHandlerExceptionResolver [http-nio-8080-exec-10] Resolved [org.springframework.web.bind.MissingRequestHeaderException: Required request header 'token' for method parameter type String is not present]
2023-11-21 17:37:41,176 WARN org.springframework.web.servlet.handler.AbstractHandlerExceptionResolver [http-nio-8080-exec-3] Resolved [org.springframework.web.bind.MissingRequestHeaderException: Required request header 'token' for method parameter type String is not present]
2023-11-21 17:37:55,342 WARN org.springframework.web.servlet.handler.AbstractHandlerExceptionResolver [http-nio-8080-exec-5] Resolved [org.springframework.web.bind.MissingRequestHeaderException: Required request header 'token' for method parameter type String is not present]
2023-11-21 17:38:35,428 WARN org.springframework.web.servlet.handler.AbstractHandlerExceptionResolver [http-nio-8080-exec-9] Resolved [org.springframework.web.bind.MissingRequestHeaderException: Required request header 'token' for method parameter type String is not present]
2023-11-21 17:39:28,059 WARN org.springframework.web.servlet.handler.AbstractHandlerExceptionResolver [http-nio-8080-exec-2] Resolved [org.springframework.web.bind.MissingRequestHeaderException: Required request header 'token' for method parameter type String is not present]
