2023-11-21 13:00:58,456 INFO com.alibaba.druid.pool.DruidDataSource [SpringApplicationShutdownHook] {dataSource-1} closing ...
2023-11-21 13:00:58,515 INFO com.alibaba.druid.pool.DruidDataSource [SpringApplicationShutdownHook] {dataSource-1} closed
2023-11-21 13:01:05,823 INFO org.springframework.boot.StartupInfoLogger [main] Starting Main using Java 17.0.8 with PID 29304 (E:\BaiduSyncdisk\系统\Sign-in-1.0.3\Sign-in\Sign-In-dev\target\classes started by Administrator in E:\BaiduSyncdisk\系统\Sign-in-1.0.3)
2023-11-21 13:01:05,825 INFO org.springframework.boot.SpringApplication [main] No active profile set, falling back to 1 default profile: "default"
2023-11-21 13:01:07,310 INFO org.springframework.boot.web.embedded.tomcat.TomcatWebServer [main] Tomcat initialized with port(s): 8080 (http)
2023-11-21 13:01:07,318 INFO org.apache.juli.logging.DirectJDKLog [main] Initializing ProtocolHandler ["http-nio-8080"]
2023-11-21 13:01:07,319 INFO org.apache.juli.logging.DirectJDKLog [main] Starting service [Tomcat]
2023-11-21 13:01:07,319 INFO org.apache.juli.logging.DirectJDKLog [main] Starting Servlet engine: [Apache Tomcat/10.1.7]
2023-11-21 13:01:07,410 INFO org.apache.juli.logging.DirectJDKLog [main] Initializing Spring embedded WebApplicationContext
2023-11-21 13:01:07,410 INFO org.springframework.boot.web.servlet.context.ServletWebServerApplicationContext [main] Root WebApplicationContext: initialization completed in 1553 ms
2023-11-21 13:01:07,607 INFO com.alibaba.druid.spring.boot3.autoconfigure.DruidDataSourceAutoConfigure [main] Init DruidDataSource
2023-11-21 13:01:08,003 INFO com.alibaba.druid.pool.DruidDataSource [main] {dataSource-1} inited
2023-11-21 13:01:09,128 INFO org.apache.juli.logging.DirectJDKLog [main] Starting ProtocolHandler ["http-nio-8080"]
2023-11-21 13:01:09,147 INFO org.springframework.boot.web.embedded.tomcat.TomcatWebServer [main] Tomcat started on port(s): 8080 (http) with context path ''
2023-11-21 13:01:09,153 INFO org.springframework.boot.StartupInfoLogger [main] Started Main in 3.706 seconds (process running for 5.063)
2023-11-21 13:01:09,155 INFO com.jszx.Main [main] server started
2023-11-21 13:01:12,782 INFO org.apache.juli.logging.DirectJDKLog [http-nio-8080-exec-1] Initializing Spring DispatcherServlet 'dispatcherServlet'
2023-11-21 13:01:12,783 INFO org.springframework.web.servlet.FrameworkServlet [http-nio-8080-exec-1] Initializing Servlet 'dispatcherServlet'
2023-11-21 13:01:12,783 INFO org.springframework.web.servlet.FrameworkServlet [http-nio-8080-exec-1] Completed initialization in 0 ms
2023-11-21 13:05:14,691 INFO com.alibaba.druid.pool.DruidDataSource [SpringApplicationShutdownHook] {dataSource-1} closing ...
2023-11-21 13:05:14,695 INFO com.alibaba.druid.pool.DruidDataSource [SpringApplicationShutdownHook] {dataSource-1} closed
2023-11-21 13:05:20,008 INFO org.springframework.boot.StartupInfoLogger [main] Starting Main using Java 17.0.8 with PID 3608 (E:\BaiduSyncdisk\系统\Sign-in-1.0.3\Sign-in\Sign-In-dev\target\classes started by Administrator in E:\BaiduSyncdisk\系统\Sign-in-1.0.3)
2023-11-21 13:05:20,016 INFO org.springframework.boot.SpringApplication [main] No active profile set, falling back to 1 default profile: "default"
2023-11-21 13:05:21,627 INFO org.springframework.boot.StartupInfoLogger [main] Starting Main using Java 17.0.8 with PID 26452 (E:\BaiduSyncdisk\系统\Sign-in-1.0.3\Sign-in\Sign-In-dev\target\classes started by Administrator in E:\BaiduSyncdisk\系统\Sign-in-1.0.3)
2023-11-21 13:05:21,632 INFO org.springframework.boot.SpringApplication [main] No active profile set, falling back to 1 default profile: "default"
2023-11-21 13:05:21,797 INFO org.springframework.boot.web.embedded.tomcat.TomcatWebServer [main] Tomcat initialized with port(s): 8080 (http)
2023-11-21 13:05:21,810 INFO org.apache.juli.logging.DirectJDKLog [main] Initializing ProtocolHandler ["http-nio-8080"]
2023-11-21 13:05:21,811 INFO org.apache.juli.logging.DirectJDKLog [main] Starting service [Tomcat]
2023-11-21 13:05:21,811 INFO org.apache.juli.logging.DirectJDKLog [main] Starting Servlet engine: [Apache Tomcat/10.1.7]
2023-11-21 13:05:21,903 INFO org.apache.juli.logging.DirectJDKLog [main] Initializing Spring embedded WebApplicationContext
2023-11-21 13:05:21,904 INFO org.springframework.boot.web.servlet.context.ServletWebServerApplicationContext [main] Root WebApplicationContext: initialization completed in 1853 ms
2023-11-21 13:05:22,108 INFO com.alibaba.druid.spring.boot3.autoconfigure.DruidDataSourceAutoConfigure [main] Init DruidDataSource
2023-11-21 13:05:22,584 INFO com.alibaba.druid.pool.DruidDataSource [main] {dataSource-1} inited
2023-11-21 13:05:22,603 INFO org.springframework.boot.web.embedded.tomcat.TomcatWebServer [main] Tomcat initialized with port(s): 8080 (http)
2023-11-21 13:05:22,612 INFO org.apache.juli.logging.DirectJDKLog [main] Initializing ProtocolHandler ["http-nio-8080"]
2023-11-21 13:05:22,612 INFO org.apache.juli.logging.DirectJDKLog [main] Starting service [Tomcat]
2023-11-21 13:05:22,613 INFO org.apache.juli.logging.DirectJDKLog [main] Starting Servlet engine: [Apache Tomcat/10.1.7]
2023-11-21 13:05:22,688 INFO org.apache.juli.logging.DirectJDKLog [main] Initializing Spring embedded WebApplicationContext
2023-11-21 13:05:22,688 INFO org.springframework.boot.web.servlet.context.ServletWebServerApplicationContext [main] Root WebApplicationContext: initialization completed in 1024 ms
2023-11-21 13:05:22,855 INFO com.alibaba.druid.spring.boot3.autoconfigure.DruidDataSourceAutoConfigure [main] Init DruidDataSource
2023-11-21 13:05:23,228 INFO com.alibaba.druid.pool.DruidDataSource [main] {dataSource-1} inited
2023-11-21 13:05:23,906 INFO org.apache.juli.logging.DirectJDKLog [main] Starting ProtocolHandler ["http-nio-8080"]
2023-11-21 13:05:23,931 INFO org.springframework.boot.web.embedded.tomcat.TomcatWebServer [main] Tomcat started on port(s): 8080 (http) with context path ''
2023-11-21 13:05:23,940 INFO org.springframework.boot.StartupInfoLogger [main] Started Main in 4.383 seconds (process running for 5.732)
2023-11-21 13:05:23,942 INFO com.jszx.Main [main] server started
2023-11-21 13:05:24,262 INFO org.apache.juli.logging.DirectJDKLog [main] Starting ProtocolHandler ["http-nio-8080"]
2023-11-21 13:05:24,267 INFO com.alibaba.druid.pool.DruidDataSource [main] {dataSource-1} closing ...
2023-11-21 13:05:24,270 INFO com.alibaba.druid.pool.DruidDataSource [main] {dataSource-1} closed
2023-11-21 13:05:24,271 INFO org.apache.juli.logging.DirectJDKLog [main] Pausing ProtocolHandler ["http-nio-8080"]
2023-11-21 13:05:24,272 INFO org.apache.juli.logging.DirectJDKLog [main] Stopping service [Tomcat]
2023-11-21 13:05:24,282 INFO org.apache.juli.logging.DirectJDKLog [main] Stopping ProtocolHandler ["http-nio-8080"]
2023-11-21 13:05:24,283 INFO org.apache.juli.logging.DirectJDKLog [main] Destroying ProtocolHandler ["http-nio-8080"]
2023-11-21 13:05:24,288 INFO org.springframework.boot.autoconfigure.logging.ConditionEvaluationReportLogger [main] 

Error starting ApplicationContext. To display the condition evaluation report re-run your application with 'debug' enabled.
2023-11-21 13:05:29,057 INFO com.alibaba.druid.pool.DruidDataSource [SpringApplicationShutdownHook] {dataSource-1} closing ...
2023-11-21 13:05:29,060 INFO com.alibaba.druid.pool.DruidDataSource [SpringApplicationShutdownHook] {dataSource-1} closed
2023-11-21 13:05:34,621 INFO org.springframework.boot.StartupInfoLogger [main] Starting Main using Java 17.0.8 with PID 25060 (E:\BaiduSyncdisk\系统\Sign-in-1.0.3\Sign-in\Sign-In-dev\target\classes started by Administrator in E:\BaiduSyncdisk\系统\Sign-in-1.0.3)
2023-11-21 13:05:34,627 INFO org.springframework.boot.SpringApplication [main] No active profile set, falling back to 1 default profile: "default"
2023-11-21 13:05:35,476 INFO org.springframework.boot.web.embedded.tomcat.TomcatWebServer [main] Tomcat initialized with port(s): 8080 (http)
2023-11-21 13:05:35,483 INFO org.apache.juli.logging.DirectJDKLog [main] Initializing ProtocolHandler ["http-nio-8080"]
2023-11-21 13:05:35,483 INFO org.apache.juli.logging.DirectJDKLog [main] Starting service [Tomcat]
2023-11-21 13:05:35,483 INFO org.apache.juli.logging.DirectJDKLog [main] Starting Servlet engine: [Apache Tomcat/10.1.7]
2023-11-21 13:05:35,547 INFO org.apache.juli.logging.DirectJDKLog [main] Initializing Spring embedded WebApplicationContext
2023-11-21 13:05:35,547 INFO org.springframework.boot.web.servlet.context.ServletWebServerApplicationContext [main] Root WebApplicationContext: initialization completed in 896 ms
2023-11-21 13:05:35,661 INFO com.alibaba.druid.spring.boot3.autoconfigure.DruidDataSourceAutoConfigure [main] Init DruidDataSource
2023-11-21 13:05:35,981 INFO com.alibaba.druid.pool.DruidDataSource [main] {dataSource-1} inited
2023-11-21 13:05:36,852 INFO org.apache.juli.logging.DirectJDKLog [main] Starting ProtocolHandler ["http-nio-8080"]
2023-11-21 13:05:36,870 INFO org.springframework.boot.web.embedded.tomcat.TomcatWebServer [main] Tomcat started on port(s): 8080 (http) with context path ''
2023-11-21 13:05:36,877 INFO org.springframework.boot.StartupInfoLogger [main] Started Main in 2.524 seconds (process running for 3.507)
2023-11-21 13:05:36,879 INFO com.jszx.Main [main] server started
2023-11-21 13:05:48,097 INFO org.apache.juli.logging.DirectJDKLog [http-nio-8080-exec-1] Initializing Spring DispatcherServlet 'dispatcherServlet'
2023-11-21 13:05:48,098 INFO org.springframework.web.servlet.FrameworkServlet [http-nio-8080-exec-1] Initializing Servlet 'dispatcherServlet'
2023-11-21 13:05:48,098 INFO org.springframework.web.servlet.FrameworkServlet [http-nio-8080-exec-1] Completed initialization in 0 ms
2023-11-21 13:07:57,226 INFO com.alibaba.druid.pool.DruidDataSource [SpringApplicationShutdownHook] {dataSource-1} closing ...
2023-11-21 13:07:57,228 INFO com.alibaba.druid.pool.DruidDataSource [SpringApplicationShutdownHook] {dataSource-1} closed
2023-11-21 13:08:21,956 INFO org.springframework.boot.StartupInfoLogger [main] Starting Main using Java 17.0.8 with PID 27092 (E:\BaiduSyncdisk\系统\Sign-in-1.0.3\Sign-in\Sign-In-dev\target\classes started by Administrator in E:\BaiduSyncdisk\系统\Sign-in-1.0.3)
2023-11-21 13:08:21,962 INFO org.springframework.boot.SpringApplication [main] No active profile set, falling back to 1 default profile: "default"
2023-11-21 13:08:22,800 INFO org.springframework.boot.web.embedded.tomcat.TomcatWebServer [main] Tomcat initialized with port(s): 8080 (http)
2023-11-21 13:08:22,807 INFO org.apache.juli.logging.DirectJDKLog [main] Initializing ProtocolHandler ["http-nio-8080"]
2023-11-21 13:08:22,808 INFO org.apache.juli.logging.DirectJDKLog [main] Starting service [Tomcat]
2023-11-21 13:08:22,808 INFO org.apache.juli.logging.DirectJDKLog [main] Starting Servlet engine: [Apache Tomcat/10.1.7]
2023-11-21 13:08:22,869 INFO org.apache.juli.logging.DirectJDKLog [main] Initializing Spring embedded WebApplicationContext
2023-11-21 13:08:22,870 INFO org.springframework.boot.web.servlet.context.ServletWebServerApplicationContext [main] Root WebApplicationContext: initialization completed in 883 ms
2023-11-21 13:08:22,975 INFO com.alibaba.druid.spring.boot3.autoconfigure.DruidDataSourceAutoConfigure [main] Init DruidDataSource
2023-11-21 13:08:23,276 INFO com.alibaba.druid.pool.DruidDataSource [main] {dataSource-1} inited
2023-11-21 13:08:24,158 INFO org.apache.juli.logging.DirectJDKLog [main] Starting ProtocolHandler ["http-nio-8080"]
2023-11-21 13:08:24,174 INFO org.springframework.boot.web.embedded.tomcat.TomcatWebServer [main] Tomcat started on port(s): 8080 (http) with context path ''
2023-11-21 13:08:24,180 INFO org.springframework.boot.StartupInfoLogger [main] Started Main in 2.517 seconds (process running for 3.534)
2023-11-21 13:08:24,181 INFO com.jszx.Main [main] server started
2023-11-21 13:08:35,613 INFO org.apache.juli.logging.DirectJDKLog [http-nio-8080-exec-1] Initializing Spring DispatcherServlet 'dispatcherServlet'
2023-11-21 13:08:35,613 INFO org.springframework.web.servlet.FrameworkServlet [http-nio-8080-exec-1] Initializing Servlet 'dispatcherServlet'
2023-11-21 13:08:35,614 INFO org.springframework.web.servlet.FrameworkServlet [http-nio-8080-exec-1] Completed initialization in 1 ms
2023-11-21 13:08:36,209 INFO org.springdoc.api.AbstractOpenApiResource [http-nio-8080-exec-4] Init duration for springdoc-openapi is: 200 ms
2023-11-21 13:09:18,453 INFO com.alibaba.druid.pool.DruidDataSource [SpringApplicationShutdownHook] {dataSource-1} closing ...
2023-11-21 13:09:18,458 INFO com.alibaba.druid.pool.DruidDataSource [SpringApplicationShutdownHook] {dataSource-1} closed
2023-11-21 13:09:21,035 INFO org.springframework.boot.StartupInfoLogger [main] Starting Main using Java 17.0.8 with PID 28576 (E:\BaiduSyncdisk\系统\Sign-in-1.0.3\Sign-in\Sign-In-dev\target\classes started by Administrator in E:\BaiduSyncdisk\系统\Sign-in-1.0.3)
2023-11-21 13:09:21,041 INFO org.springframework.boot.SpringApplication [main] No active profile set, falling back to 1 default profile: "default"
2023-11-21 13:09:21,877 INFO org.springframework.boot.web.embedded.tomcat.TomcatWebServer [main] Tomcat initialized with port(s): 8080 (http)
2023-11-21 13:09:21,884 INFO org.apache.juli.logging.DirectJDKLog [main] Initializing ProtocolHandler ["http-nio-8080"]
2023-11-21 13:09:21,884 INFO org.apache.juli.logging.DirectJDKLog [main] Starting service [Tomcat]
2023-11-21 13:09:21,885 INFO org.apache.juli.logging.DirectJDKLog [main] Starting Servlet engine: [Apache Tomcat/10.1.7]
2023-11-21 13:09:21,946 INFO org.apache.juli.logging.DirectJDKLog [main] Initializing Spring embedded WebApplicationContext
2023-11-21 13:09:21,946 INFO org.springframework.boot.web.servlet.context.ServletWebServerApplicationContext [main] Root WebApplicationContext: initialization completed in 881 ms
2023-11-21 13:09:22,064 INFO com.alibaba.druid.spring.boot3.autoconfigure.DruidDataSourceAutoConfigure [main] Init DruidDataSource
2023-11-21 13:09:22,366 INFO com.alibaba.druid.pool.DruidDataSource [main] {dataSource-1} inited
2023-11-21 13:09:23,192 INFO org.apache.juli.logging.DirectJDKLog [main] Starting ProtocolHandler ["http-nio-8080"]
2023-11-21 13:09:23,208 INFO org.springframework.boot.web.embedded.tomcat.TomcatWebServer [main] Tomcat started on port(s): 8080 (http) with context path ''
2023-11-21 13:09:23,215 INFO org.springframework.boot.StartupInfoLogger [main] Started Main in 2.464 seconds (process running for 3.487)
2023-11-21 13:09:23,217 INFO com.jszx.Main [main] server started
2023-11-21 13:09:29,622 INFO org.apache.juli.logging.DirectJDKLog [http-nio-8080-exec-2] Initializing Spring DispatcherServlet 'dispatcherServlet'
2023-11-21 13:09:29,623 INFO org.springframework.web.servlet.FrameworkServlet [http-nio-8080-exec-2] Initializing Servlet 'dispatcherServlet'
2023-11-21 13:09:29,624 INFO org.springframework.web.servlet.FrameworkServlet [http-nio-8080-exec-2] Completed initialization in 1 ms
2023-11-21 13:12:22,564 INFO com.alibaba.druid.pool.DruidDataSource [SpringApplicationShutdownHook] {dataSource-1} closing ...
2023-11-21 13:12:22,567 INFO com.alibaba.druid.pool.DruidDataSource [SpringApplicationShutdownHook] {dataSource-1} closed
2023-11-21 13:12:25,183 INFO org.springframework.boot.StartupInfoLogger [main] Starting Main using Java 17.0.8 with PID 28724 (E:\BaiduSyncdisk\系统\Sign-in-1.0.3\Sign-in\Sign-In-dev\target\classes started by Administrator in E:\BaiduSyncdisk\系统\Sign-in-1.0.3)
2023-11-21 13:12:25,188 INFO org.springframework.boot.SpringApplication [main] No active profile set, falling back to 1 default profile: "default"
2023-11-21 13:12:26,062 INFO org.springframework.boot.web.embedded.tomcat.TomcatWebServer [main] Tomcat initialized with port(s): 8080 (http)
2023-11-21 13:12:26,068 INFO org.apache.juli.logging.DirectJDKLog [main] Initializing ProtocolHandler ["http-nio-8080"]
2023-11-21 13:12:26,069 INFO org.apache.juli.logging.DirectJDKLog [main] Starting service [Tomcat]
2023-11-21 13:12:26,070 INFO org.apache.juli.logging.DirectJDKLog [main] Starting Servlet engine: [Apache Tomcat/10.1.7]
2023-11-21 13:12:26,186 INFO org.apache.juli.logging.DirectJDKLog [main] Initializing Spring embedded WebApplicationContext
2023-11-21 13:12:26,187 INFO org.springframework.boot.web.servlet.context.ServletWebServerApplicationContext [main] Root WebApplicationContext: initialization completed in 974 ms
2023-11-21 13:12:26,354 INFO com.alibaba.druid.spring.boot3.autoconfigure.DruidDataSourceAutoConfigure [main] Init DruidDataSource
2023-11-21 13:12:26,755 INFO com.alibaba.druid.pool.DruidDataSource [main] {dataSource-1} inited
2023-11-21 13:12:27,696 INFO org.apache.juli.logging.DirectJDKLog [main] Starting ProtocolHandler ["http-nio-8080"]
2023-11-21 13:12:27,712 INFO org.springframework.boot.web.embedded.tomcat.TomcatWebServer [main] Tomcat started on port(s): 8080 (http) with context path ''
2023-11-21 13:12:27,719 INFO org.springframework.boot.StartupInfoLogger [main] Started Main in 2.83 seconds (process running for 3.704)
2023-11-21 13:12:27,721 INFO com.jszx.Main [main] server started
2023-11-21 13:12:57,628 INFO com.alibaba.druid.pool.DruidDataSource [SpringApplicationShutdownHook] {dataSource-1} closing ...
2023-11-21 13:12:57,632 INFO com.alibaba.druid.pool.DruidDataSource [SpringApplicationShutdownHook] {dataSource-1} closed
